level=INFO ts=2022-08-08 14:15:32.365 caller=restartedMain component=org.springframework.boot.StartupInfoLogger discovery=D msg=Starting StudentApplication using Java 11.0.16 on wsl268 with PID 33637 (/home/dhaini/Desktop/MontyMobile Training /student/target/classes started by dhaini in /home/dhaini/Desktop/MontyMobile Training /student)
level=INFO ts=2022-08-08 14:15:32.473 caller=restartedMain component=org.springframework.boot.SpringApplication discovery=D msg=No active profile set, falling back to 1 default profile: "default"
level=INFO ts=2022-08-08 14:15:32.724 caller=restartedMain component=org.springframework.boot.logging.DeferredLog discovery=D msg=Devtools property defaults active! Set 'spring.devtools.add-properties' to 'false' to disable
level=INFO ts=2022-08-08 14:15:32.725 caller=restartedMain component=org.springframework.boot.logging.DeferredLog discovery=D msg=For additional web related logging consider setting the 'logging.level.web' property to 'DEBUG'
level=INFO ts=2022-08-08 14:15:36.275 caller=restartedMain component=org.springframework.data.repository.config.RepositoryConfigurationDelegate discovery=D msg=Multiple Spring Data modules found, entering strict repository configuration mode
level=INFO ts=2022-08-08 14:15:36.283 caller=restartedMain component=org.springframework.data.repository.config.RepositoryConfigurationDelegate discovery=D msg=Bootstrapping Spring Data JPA repositories in DEFAULT mode.
level=INFO ts=2022-08-08 14:15:37.036 caller=restartedMain component=org.springframework.data.repository.config.RepositoryConfigurationDelegate discovery=D msg=Finished Spring Data repository scanning in 697 ms. Found 4 JPA repository interfaces.
level=INFO ts=2022-08-08 14:15:37.066 caller=restartedMain component=org.springframework.data.repository.config.RepositoryConfigurationDelegate discovery=D msg=Multiple Spring Data modules found, entering strict repository configuration mode
level=INFO ts=2022-08-08 14:15:37.068 caller=restartedMain component=org.springframework.data.repository.config.RepositoryConfigurationDelegate discovery=D msg=Bootstrapping Spring Data Redis repositories in DEFAULT mode.
level=INFO ts=2022-08-08 14:15:37.113 caller=restartedMain component=org.springframework.data.repository.config.RepositoryConfigurationExtensionSupport discovery=D msg=Spring Data Redis - Could not safely identify store assignment for repository candidate interface com.montytraining.student.Repository.EquipmentRepository; If you want this repository to be a Redis repository, consider annotating your entities with one of these annotations: org.springframework.data.redis.core.RedisHash (preferred), or consider extending one of the following types with your repository: org.springframework.data.keyvalue.repository.KeyValueRepository
level=INFO ts=2022-08-08 14:15:37.114 caller=restartedMain component=org.springframework.data.repository.config.RepositoryConfigurationExtensionSupport discovery=D msg=Spring Data Redis - Could not safely identify store assignment for repository candidate interface com.montytraining.student.Repository.RoleRepository; If you want this repository to be a Redis repository, consider annotating your entities with one of these annotations: org.springframework.data.redis.core.RedisHash (preferred), or consider extending one of the following types with your repository: org.springframework.data.keyvalue.repository.KeyValueRepository
level=INFO ts=2022-08-08 14:15:37.116 caller=restartedMain component=org.springframework.data.repository.config.RepositoryConfigurationExtensionSupport discovery=D msg=Spring Data Redis - Could not safely identify store assignment for repository candidate interface com.montytraining.student.Repository.StudentRepository; If you want this repository to be a Redis repository, consider annotating your entities with one of these annotations: org.springframework.data.redis.core.RedisHash (preferred), or consider extending one of the following types with your repository: org.springframework.data.keyvalue.repository.KeyValueRepository
level=INFO ts=2022-08-08 14:15:37.118 caller=restartedMain component=org.springframework.data.repository.config.RepositoryConfigurationExtensionSupport discovery=D msg=Spring Data Redis - Could not safely identify store assignment for repository candidate interface com.montytraining.student.Repository.UserRepository; If you want this repository to be a Redis repository, consider annotating your entities with one of these annotations: org.springframework.data.redis.core.RedisHash (preferred), or consider extending one of the following types with your repository: org.springframework.data.keyvalue.repository.KeyValueRepository
level=INFO ts=2022-08-08 14:15:37.118 caller=restartedMain component=org.springframework.data.repository.config.RepositoryConfigurationDelegate discovery=D msg=Finished Spring Data repository scanning in 20 ms. Found 0 Redis repository interfaces.
level=INFO ts=2022-08-08 14:15:38.937 caller=restartedMain component=org.springframework.boot.web.embedded.tomcat.TomcatWebServer discovery=D msg=Tomcat initialized with port(s): 8080 (http)
level=INFO ts=2022-08-08 14:15:38.973 caller=restartedMain component=org.apache.juli.logging.DirectJDKLog discovery=D msg=Initializing ProtocolHandler ["http-nio-8080"]
level=INFO ts=2022-08-08 14:15:38.985 caller=restartedMain component=org.apache.juli.logging.DirectJDKLog discovery=D msg=Starting service [Tomcat]
level=INFO ts=2022-08-08 14:15:38.987 caller=restartedMain component=org.apache.juli.logging.DirectJDKLog discovery=D msg=Starting Servlet engine: [Apache Tomcat/9.0.64]
level=INFO ts=2022-08-08 14:15:39.193 caller=restartedMain component=org.apache.juli.logging.DirectJDKLog discovery=D msg=Initializing Spring embedded WebApplicationContext
level=INFO ts=2022-08-08 14:15:39.194 caller=restartedMain component=org.springframework.boot.web.servlet.context.ServletWebServerApplicationContext discovery=D msg=Root WebApplicationContext: initialization completed in 6467 ms
level=INFO ts=2022-08-08 14:15:40.104 caller=restartedMain component=org.hibernate.jpa.internal.util.LogHelper discovery=D msg=HHH000204: Processing PersistenceUnitInfo [name: default]
level=INFO ts=2022-08-08 14:15:40.316 caller=restartedMain component=org.hibernate.Version discovery=D msg=HHH000412: Hibernate ORM core version 5.6.9.Final
level=INFO ts=2022-08-08 14:15:40.718 caller=restartedMain component=org.hibernate.annotations.common.reflection.java.JavaReflectionManager discovery=D msg=HCANN000001: Hibernate Commons Annotations {5.1.2.Final}
level=INFO ts=2022-08-08 14:15:40.918 caller=restartedMain component=com.zaxxer.hikari.HikariDataSource discovery=D msg=HikariPool-1 - Starting...
level=INFO ts=2022-08-08 14:15:42.061 caller=restartedMain component=com.zaxxer.hikari.HikariDataSource discovery=D msg=HikariPool-1 - Start completed.
level=INFO ts=2022-08-08 14:15:42.099 caller=restartedMain component=org.hibernate.dialect.Dialect discovery=D msg=HHH000400: Using dialect: org.hibernate.dialect.PostgreSQLDialect
level=INFO ts=2022-08-08 14:15:44.075 caller=restartedMain component=org.hibernate.engine.transaction.jta.platform.internal.JtaPlatformInitiator discovery=D msg=HHH000490: Using JtaPlatform implementation: [org.hibernate.engine.transaction.jta.platform.internal.NoJtaPlatform]
level=INFO ts=2022-08-08 14:15:44.111 caller=restartedMain component=org.springframework.orm.jpa.AbstractEntityManagerFactoryBean discovery=D msg=Initialized JPA EntityManagerFactory for persistence unit 'default'
level=INFO ts=2022-08-08 14:15:46.675 caller=restartedMain component=org.springframework.security.web.DefaultSecurityFilterChain discovery=D msg=Will secure any request with [org.springframework.security.web.session.DisableEncodeUrlFilter@68ba2ef9, org.springframework.security.web.context.request.async.WebAsyncManagerIntegrationFilter@45349051, org.springframework.security.web.context.SecurityContextPersistenceFilter@67640a8e, org.springframework.security.web.header.HeaderWriterFilter@2517f53a, org.springframework.security.web.authentication.logout.LogoutFilter@17ae91f5, com.montytraining.student.Filters.JwtRequestFilter@1a26487d, org.springframework.security.web.savedrequest.RequestCacheAwareFilter@57f3ca28, org.springframework.security.web.servletapi.SecurityContextHolderAwareRequestFilter@6ac9a098, org.springframework.security.web.authentication.AnonymousAuthenticationFilter@16f86915, org.springframework.security.web.session.SessionManagementFilter@c8918dd, org.springframework.security.web.access.ExceptionTranslationFilter@23e0636a, org.springframework.security.web.access.intercept.FilterSecurityInterceptor@2b12e8a5]
level=INFO ts=2022-08-08 14:15:48.116 caller=restartedMain component=org.springframework.boot.devtools.autoconfigure.OptionalLiveReloadServer discovery=D msg=LiveReload server is running on port 35729
level=INFO ts=2022-08-08 14:15:48.137 caller=restartedMain component=org.springframework.boot.actuate.endpoint.web.EndpointLinksResolver discovery=D msg=Exposing 1 endpoint(s) beneath base path '/actuator'
level=INFO ts=2022-08-08 14:15:48.204 caller=restartedMain component=org.apache.juli.logging.DirectJDKLog discovery=D msg=Starting ProtocolHandler ["http-nio-8080"]
level=INFO ts=2022-08-08 14:15:48.234 caller=restartedMain component=org.springframework.boot.web.embedded.tomcat.TomcatWebServer discovery=D msg=Tomcat started on port(s): 8080 (http) with context path ''
level=INFO ts=2022-08-08 14:15:48.269 caller=restartedMain component=org.springframework.boot.StartupInfoLogger discovery=D msg=Started StudentApplication in 16.954 seconds (JVM running for 19.823)
level=INFO ts=2022-08-08 14:30:20.889 caller=SpringApplicationShutdownHook component=org.springframework.orm.jpa.AbstractEntityManagerFactoryBean discovery=D msg=Closing JPA EntityManagerFactory for persistence unit 'default'
level=INFO ts=2022-08-08 14:30:20.944 caller=SpringApplicationShutdownHook component=com.zaxxer.hikari.HikariDataSource discovery=D msg=HikariPool-1 - Shutdown initiated...
level=INFO ts=2022-08-08 14:30:21.005 caller=SpringApplicationShutdownHook component=com.zaxxer.hikari.HikariDataSource discovery=D msg=HikariPool-1 - Shutdown completed.
level=INFO ts=2022-08-08 16:50:13.283 caller=restartedMain component=org.springframework.boot.StartupInfoLogger discovery=D msg=Starting StudentApplication using Java 11.0.16 on wsl268 with PID 16437 (/home/dhaini/Desktop/MontyMobile Training /student/target/classes started by dhaini in /home/dhaini/Desktop/MontyMobile Training /student)
level=INFO ts=2022-08-08 16:50:13.294 caller=restartedMain component=org.springframework.boot.SpringApplication discovery=D msg=No active profile set, falling back to 1 default profile: "default"
level=INFO ts=2022-08-08 16:50:13.357 caller=restartedMain component=org.springframework.boot.logging.DeferredLog discovery=D msg=Devtools property defaults active! Set 'spring.devtools.add-properties' to 'false' to disable
level=INFO ts=2022-08-08 16:50:13.358 caller=restartedMain component=org.springframework.boot.logging.DeferredLog discovery=D msg=For additional web related logging consider setting the 'logging.level.web' property to 'DEBUG'
level=INFO ts=2022-08-08 16:50:14.733 caller=restartedMain component=org.springframework.data.repository.config.RepositoryConfigurationDelegate discovery=D msg=Multiple Spring Data modules found, entering strict repository configuration mode
level=INFO ts=2022-08-08 16:50:14.736 caller=restartedMain component=org.springframework.data.repository.config.RepositoryConfigurationDelegate discovery=D msg=Bootstrapping Spring Data JPA repositories in DEFAULT mode.
level=INFO ts=2022-08-08 16:50:14.928 caller=restartedMain component=org.springframework.data.repository.config.RepositoryConfigurationDelegate discovery=D msg=Finished Spring Data repository scanning in 180 ms. Found 4 JPA repository interfaces.
level=INFO ts=2022-08-08 16:50:14.948 caller=restartedMain component=org.springframework.data.repository.config.RepositoryConfigurationDelegate discovery=D msg=Multiple Spring Data modules found, entering strict repository configuration mode
level=INFO ts=2022-08-08 16:50:14.950 caller=restartedMain component=org.springframework.data.repository.config.RepositoryConfigurationDelegate discovery=D msg=Bootstrapping Spring Data Redis repositories in DEFAULT mode.
level=INFO ts=2022-08-08 16:50:14.972 caller=restartedMain component=org.springframework.data.repository.config.RepositoryConfigurationExtensionSupport discovery=D msg=Spring Data Redis - Could not safely identify store assignment for repository candidate interface com.montytraining.student.Repository.EquipmentRepository; If you want this repository to be a Redis repository, consider annotating your entities with one of these annotations: org.springframework.data.redis.core.RedisHash (preferred), or consider extending one of the following types with your repository: org.springframework.data.keyvalue.repository.KeyValueRepository
level=INFO ts=2022-08-08 16:50:14.973 caller=restartedMain component=org.springframework.data.repository.config.RepositoryConfigurationExtensionSupport discovery=D msg=Spring Data Redis - Could not safely identify store assignment for repository candidate interface com.montytraining.student.Repository.RoleRepository; If you want this repository to be a Redis repository, consider annotating your entities with one of these annotations: org.springframework.data.redis.core.RedisHash (preferred), or consider extending one of the following types with your repository: org.springframework.data.keyvalue.repository.KeyValueRepository
level=INFO ts=2022-08-08 16:50:14.974 caller=restartedMain component=org.springframework.data.repository.config.RepositoryConfigurationExtensionSupport discovery=D msg=Spring Data Redis - Could not safely identify store assignment for repository candidate interface com.montytraining.student.Repository.StudentRepository; If you want this repository to be a Redis repository, consider annotating your entities with one of these annotations: org.springframework.data.redis.core.RedisHash (preferred), or consider extending one of the following types with your repository: org.springframework.data.keyvalue.repository.KeyValueRepository
level=INFO ts=2022-08-08 16:50:14.975 caller=restartedMain component=org.springframework.data.repository.config.RepositoryConfigurationExtensionSupport discovery=D msg=Spring Data Redis - Could not safely identify store assignment for repository candidate interface com.montytraining.student.Repository.UserRepository; If you want this repository to be a Redis repository, consider annotating your entities with one of these annotations: org.springframework.data.redis.core.RedisHash (preferred), or consider extending one of the following types with your repository: org.springframework.data.keyvalue.repository.KeyValueRepository
level=INFO ts=2022-08-08 16:50:14.976 caller=restartedMain component=org.springframework.data.repository.config.RepositoryConfigurationDelegate discovery=D msg=Finished Spring Data repository scanning in 13 ms. Found 0 Redis repository interfaces.
level=INFO ts=2022-08-08 16:50:15.897 caller=restartedMain component=org.springframework.boot.web.embedded.tomcat.TomcatWebServer discovery=D msg=Tomcat initialized with port(s): 8080 (http)
level=INFO ts=2022-08-08 16:50:15.916 caller=restartedMain component=org.apache.juli.logging.DirectJDKLog discovery=D msg=Initializing ProtocolHandler ["http-nio-8080"]
level=INFO ts=2022-08-08 16:50:15.917 caller=restartedMain component=org.apache.juli.logging.DirectJDKLog discovery=D msg=Starting service [Tomcat]
level=INFO ts=2022-08-08 16:50:15.918 caller=restartedMain component=org.apache.juli.logging.DirectJDKLog discovery=D msg=Starting Servlet engine: [Apache Tomcat/9.0.64]
level=INFO ts=2022-08-08 16:50:15.986 caller=restartedMain component=org.apache.juli.logging.DirectJDKLog discovery=D msg=Initializing Spring embedded WebApplicationContext
level=INFO ts=2022-08-08 16:50:15.987 caller=restartedMain component=org.springframework.boot.web.servlet.context.ServletWebServerApplicationContext discovery=D msg=Root WebApplicationContext: initialization completed in 2628 ms
level=INFO ts=2022-08-08 16:50:16.550 caller=restartedMain component=org.hibernate.jpa.internal.util.LogHelper discovery=D msg=HHH000204: Processing PersistenceUnitInfo [name: default]
level=INFO ts=2022-08-08 16:50:16.611 caller=restartedMain component=org.hibernate.Version discovery=D msg=HHH000412: Hibernate ORM core version 5.6.9.Final
level=INFO ts=2022-08-08 16:50:16.808 caller=restartedMain component=org.hibernate.annotations.common.reflection.java.JavaReflectionManager discovery=D msg=HCANN000001: Hibernate Commons Annotations {5.1.2.Final}
level=INFO ts=2022-08-08 16:50:16.922 caller=restartedMain component=com.zaxxer.hikari.HikariDataSource discovery=D msg=HikariPool-1 - Starting...
level=INFO ts=2022-08-08 16:50:17.323 caller=restartedMain component=com.zaxxer.hikari.HikariDataSource discovery=D msg=HikariPool-1 - Start completed.
level=INFO ts=2022-08-08 16:50:17.343 caller=restartedMain component=org.hibernate.dialect.Dialect discovery=D msg=HHH000400: Using dialect: org.hibernate.dialect.PostgreSQLDialect
level=INFO ts=2022-08-08 16:50:18.192 caller=restartedMain component=org.hibernate.engine.transaction.jta.platform.internal.JtaPlatformInitiator discovery=D msg=HHH000490: Using JtaPlatform implementation: [org.hibernate.engine.transaction.jta.platform.internal.NoJtaPlatform]
level=INFO ts=2022-08-08 16:50:18.201 caller=restartedMain component=org.springframework.orm.jpa.AbstractEntityManagerFactoryBean discovery=D msg=Initialized JPA EntityManagerFactory for persistence unit 'default'
level=INFO ts=2022-08-08 16:50:19.507 caller=restartedMain component=org.springframework.security.web.DefaultSecurityFilterChain discovery=D msg=Will secure any request with [org.springframework.security.web.session.DisableEncodeUrlFilter@3b54603d, org.springframework.security.web.context.request.async.WebAsyncManagerIntegrationFilter@67b873f8, org.springframework.security.web.context.SecurityContextPersistenceFilter@6a4e9048, org.springframework.security.web.header.HeaderWriterFilter@3b9a293e, org.springframework.security.web.authentication.logout.LogoutFilter@36bebc6a, com.montytraining.student.Filters.JwtRequestFilter@10685c47, org.springframework.security.web.savedrequest.RequestCacheAwareFilter@337c8db4, org.springframework.security.web.servletapi.SecurityContextHolderAwareRequestFilter@2f3f234a, org.springframework.security.web.authentication.AnonymousAuthenticationFilter@8a215e3, org.springframework.security.web.session.SessionManagementFilter@17c7267d, org.springframework.security.web.access.ExceptionTranslationFilter@3f51935f, org.springframework.security.web.access.intercept.FilterSecurityInterceptor@7c24addb]
level=INFO ts=2022-08-08 16:50:20.365 caller=restartedMain component=org.springframework.boot.actuate.endpoint.web.EndpointLinksResolver discovery=D msg=Exposing 1 endpoint(s) beneath base path '/actuator'
level=INFO ts=2022-08-08 16:50:20.405 caller=restartedMain component=org.apache.juli.logging.DirectJDKLog discovery=D msg=Starting ProtocolHandler ["http-nio-8080"]
level=INFO ts=2022-08-08 16:50:20.456 caller=restartedMain component=org.springframework.orm.jpa.AbstractEntityManagerFactoryBean discovery=D msg=Closing JPA EntityManagerFactory for persistence unit 'default'
level=INFO ts=2022-08-08 16:50:20.463 caller=restartedMain component=com.zaxxer.hikari.HikariDataSource discovery=D msg=HikariPool-1 - Shutdown initiated...
level=INFO ts=2022-08-08 16:50:20.501 caller=restartedMain component=com.zaxxer.hikari.HikariDataSource discovery=D msg=HikariPool-1 - Shutdown completed.
level=INFO ts=2022-08-08 16:50:20.507 caller=restartedMain component=org.apache.juli.logging.DirectJDKLog discovery=D msg=Pausing ProtocolHandler ["http-nio-8080"]
level=INFO ts=2022-08-08 16:50:20.508 caller=restartedMain component=org.apache.juli.logging.DirectJDKLog discovery=D msg=Stopping service [Tomcat]
level=INFO ts=2022-08-08 16:50:20.514 caller=restartedMain component=org.apache.juli.logging.DirectJDKLog discovery=D msg=Stopping ProtocolHandler ["http-nio-8080"]
level=INFO ts=2022-08-08 16:50:20.514 caller=restartedMain component=org.apache.juli.logging.DirectJDKLog discovery=D msg=Destroying ProtocolHandler ["http-nio-8080"]
level=INFO ts=2022-08-08 16:50:20.543 caller=restartedMain component=org.springframework.boot.autoconfigure.logging.ConditionEvaluationReportLoggingListener discovery=D msg=

Error starting ApplicationContext. To display the conditions report re-run your application with 'debug' enabled.
level=INFO ts=2022-08-08 16:50:35.114 caller=restartedMain component=org.springframework.boot.StartupInfoLogger discovery=D msg=Starting StudentApplication using Java 11.0.16 on wsl268 with PID 16585 (/home/dhaini/Desktop/MontyMobile Training /student/target/classes started by dhaini in /home/dhaini/Desktop/MontyMobile Training /student)
level=INFO ts=2022-08-08 16:50:35.130 caller=restartedMain component=org.springframework.boot.SpringApplication discovery=D msg=No active profile set, falling back to 1 default profile: "default"
level=INFO ts=2022-08-08 16:50:35.235 caller=restartedMain component=org.springframework.boot.logging.DeferredLog discovery=D msg=Devtools property defaults active! Set 'spring.devtools.add-properties' to 'false' to disable
level=INFO ts=2022-08-08 16:50:35.236 caller=restartedMain component=org.springframework.boot.logging.DeferredLog discovery=D msg=For additional web related logging consider setting the 'logging.level.web' property to 'DEBUG'
level=INFO ts=2022-08-08 16:50:36.760 caller=restartedMain component=org.springframework.data.repository.config.RepositoryConfigurationDelegate discovery=D msg=Multiple Spring Data modules found, entering strict repository configuration mode
level=INFO ts=2022-08-08 16:50:36.764 caller=restartedMain component=org.springframework.data.repository.config.RepositoryConfigurationDelegate discovery=D msg=Bootstrapping Spring Data JPA repositories in DEFAULT mode.
level=INFO ts=2022-08-08 16:50:36.944 caller=restartedMain component=org.springframework.data.repository.config.RepositoryConfigurationDelegate discovery=D msg=Finished Spring Data repository scanning in 169 ms. Found 4 JPA repository interfaces.
level=INFO ts=2022-08-08 16:50:36.967 caller=restartedMain component=org.springframework.data.repository.config.RepositoryConfigurationDelegate discovery=D msg=Multiple Spring Data modules found, entering strict repository configuration mode
level=INFO ts=2022-08-08 16:50:36.970 caller=restartedMain component=org.springframework.data.repository.config.RepositoryConfigurationDelegate discovery=D msg=Bootstrapping Spring Data Redis repositories in DEFAULT mode.
level=INFO ts=2022-08-08 16:50:37.003 caller=restartedMain component=org.springframework.data.repository.config.RepositoryConfigurationExtensionSupport discovery=D msg=Spring Data Redis - Could not safely identify store assignment for repository candidate interface com.montytraining.student.Repository.EquipmentRepository; If you want this repository to be a Redis repository, consider annotating your entities with one of these annotations: org.springframework.data.redis.core.RedisHash (preferred), or consider extending one of the following types with your repository: org.springframework.data.keyvalue.repository.KeyValueRepository
level=INFO ts=2022-08-08 16:50:37.004 caller=restartedMain component=org.springframework.data.repository.config.RepositoryConfigurationExtensionSupport discovery=D msg=Spring Data Redis - Could not safely identify store assignment for repository candidate interface com.montytraining.student.Repository.RoleRepository; If you want this repository to be a Redis repository, consider annotating your entities with one of these annotations: org.springframework.data.redis.core.RedisHash (preferred), or consider extending one of the following types with your repository: org.springframework.data.keyvalue.repository.KeyValueRepository
level=INFO ts=2022-08-08 16:50:37.006 caller=restartedMain component=org.springframework.data.repository.config.RepositoryConfigurationExtensionSupport discovery=D msg=Spring Data Redis - Could not safely identify store assignment for repository candidate interface com.montytraining.student.Repository.StudentRepository; If you want this repository to be a Redis repository, consider annotating your entities with one of these annotations: org.springframework.data.redis.core.RedisHash (preferred), or consider extending one of the following types with your repository: org.springframework.data.keyvalue.repository.KeyValueRepository
level=INFO ts=2022-08-08 16:50:37.007 caller=restartedMain component=org.springframework.data.repository.config.RepositoryConfigurationExtensionSupport discovery=D msg=Spring Data Redis - Could not safely identify store assignment for repository candidate interface com.montytraining.student.Repository.UserRepository; If you want this repository to be a Redis repository, consider annotating your entities with one of these annotations: org.springframework.data.redis.core.RedisHash (preferred), or consider extending one of the following types with your repository: org.springframework.data.keyvalue.repository.KeyValueRepository
level=INFO ts=2022-08-08 16:50:37.008 caller=restartedMain component=org.springframework.data.repository.config.RepositoryConfigurationDelegate discovery=D msg=Finished Spring Data repository scanning in 24 ms. Found 0 Redis repository interfaces.
level=INFO ts=2022-08-08 16:50:37.964 caller=restartedMain component=org.springframework.boot.web.embedded.tomcat.TomcatWebServer discovery=D msg=Tomcat initialized with port(s): 8080 (http)
level=INFO ts=2022-08-08 16:50:37.984 caller=restartedMain component=org.apache.juli.logging.DirectJDKLog discovery=D msg=Initializing ProtocolHandler ["http-nio-8080"]
level=INFO ts=2022-08-08 16:50:37.985 caller=restartedMain component=org.apache.juli.logging.DirectJDKLog discovery=D msg=Starting service [Tomcat]
level=INFO ts=2022-08-08 16:50:37.986 caller=restartedMain component=org.apache.juli.logging.DirectJDKLog discovery=D msg=Starting Servlet engine: [Apache Tomcat/9.0.64]
level=INFO ts=2022-08-08 16:50:38.061 caller=restartedMain component=org.apache.juli.logging.DirectJDKLog discovery=D msg=Initializing Spring embedded WebApplicationContext
level=INFO ts=2022-08-08 16:50:38.062 caller=restartedMain component=org.springframework.boot.web.servlet.context.ServletWebServerApplicationContext discovery=D msg=Root WebApplicationContext: initialization completed in 2824 ms
level=INFO ts=2022-08-08 16:50:38.560 caller=restartedMain component=org.hibernate.jpa.internal.util.LogHelper discovery=D msg=HHH000204: Processing PersistenceUnitInfo [name: default]
level=INFO ts=2022-08-08 16:50:38.611 caller=restartedMain component=org.hibernate.Version discovery=D msg=HHH000412: Hibernate ORM core version 5.6.9.Final
level=INFO ts=2022-08-08 16:50:38.760 caller=restartedMain component=org.hibernate.annotations.common.reflection.java.JavaReflectionManager discovery=D msg=HCANN000001: Hibernate Commons Annotations {5.1.2.Final}
level=INFO ts=2022-08-08 16:50:38.907 caller=restartedMain component=com.zaxxer.hikari.HikariDataSource discovery=D msg=HikariPool-1 - Starting...
level=INFO ts=2022-08-08 16:50:39.298 caller=restartedMain component=com.zaxxer.hikari.HikariDataSource discovery=D msg=HikariPool-1 - Start completed.
level=INFO ts=2022-08-08 16:50:39.315 caller=restartedMain component=org.hibernate.dialect.Dialect discovery=D msg=HHH000400: Using dialect: org.hibernate.dialect.PostgreSQLDialect
level=INFO ts=2022-08-08 16:50:40.199 caller=restartedMain component=org.hibernate.engine.transaction.jta.platform.internal.JtaPlatformInitiator discovery=D msg=HHH000490: Using JtaPlatform implementation: [org.hibernate.engine.transaction.jta.platform.internal.NoJtaPlatform]
level=INFO ts=2022-08-08 16:50:40.208 caller=restartedMain component=org.springframework.orm.jpa.AbstractEntityManagerFactoryBean discovery=D msg=Initialized JPA EntityManagerFactory for persistence unit 'default'
level=INFO ts=2022-08-08 16:50:41.475 caller=restartedMain component=org.springframework.security.web.DefaultSecurityFilterChain discovery=D msg=Will secure any request with [org.springframework.security.web.session.DisableEncodeUrlFilter@5a34b579, org.springframework.security.web.context.request.async.WebAsyncManagerIntegrationFilter@63786d79, org.springframework.security.web.context.SecurityContextPersistenceFilter@58570638, org.springframework.security.web.header.HeaderWriterFilter@74d6e83d, org.springframework.security.web.authentication.logout.LogoutFilter@2659163a, com.montytraining.student.Filters.JwtRequestFilter@56075636, org.springframework.security.web.savedrequest.RequestCacheAwareFilter@1d559eb8, org.springframework.security.web.servletapi.SecurityContextHolderAwareRequestFilter@73ecae95, org.springframework.security.web.authentication.AnonymousAuthenticationFilter@1b0b8d9, org.springframework.security.web.session.SessionManagementFilter@723f3f3a, org.springframework.security.web.access.ExceptionTranslationFilter@1f28f0be, org.springframework.security.web.access.intercept.FilterSecurityInterceptor@55b9d2bd]
level=INFO ts=2022-08-08 16:50:42.311 caller=restartedMain component=org.springframework.boot.actuate.endpoint.web.EndpointLinksResolver discovery=D msg=Exposing 1 endpoint(s) beneath base path '/actuator'
level=INFO ts=2022-08-08 16:50:42.348 caller=restartedMain component=org.apache.juli.logging.DirectJDKLog discovery=D msg=Starting ProtocolHandler ["http-nio-8080"]
level=INFO ts=2022-08-08 16:50:42.369 caller=restartedMain component=org.springframework.orm.jpa.AbstractEntityManagerFactoryBean discovery=D msg=Closing JPA EntityManagerFactory for persistence unit 'default'
level=INFO ts=2022-08-08 16:50:42.374 caller=restartedMain component=com.zaxxer.hikari.HikariDataSource discovery=D msg=HikariPool-1 - Shutdown initiated...
level=INFO ts=2022-08-08 16:50:42.419 caller=restartedMain component=com.zaxxer.hikari.HikariDataSource discovery=D msg=HikariPool-1 - Shutdown completed.
level=INFO ts=2022-08-08 16:50:42.426 caller=restartedMain component=org.apache.juli.logging.DirectJDKLog discovery=D msg=Pausing ProtocolHandler ["http-nio-8080"]
level=INFO ts=2022-08-08 16:50:42.426 caller=restartedMain component=org.apache.juli.logging.DirectJDKLog discovery=D msg=Stopping service [Tomcat]
level=INFO ts=2022-08-08 16:50:42.431 caller=restartedMain component=org.apache.juli.logging.DirectJDKLog discovery=D msg=Stopping ProtocolHandler ["http-nio-8080"]
level=INFO ts=2022-08-08 16:50:42.431 caller=restartedMain component=org.apache.juli.logging.DirectJDKLog discovery=D msg=Destroying ProtocolHandler ["http-nio-8080"]
level=INFO ts=2022-08-08 16:50:42.453 caller=restartedMain component=org.springframework.boot.autoconfigure.logging.ConditionEvaluationReportLoggingListener discovery=D msg=

Error starting ApplicationContext. To display the conditions report re-run your application with 'debug' enabled.
